<?xml version="1.0" encoding="UTF-8"?>
<!-- Generated by org.testng.reporters.JUnitReportReporter -->
<testsuite hostname="DESKTOP-APT1UPT" failures="0" tests="1" name="scripts.RegistrationPage_CreateValid_UserAccount" time="60.784" errors="0" timestamp="2022-04-18T15:15:43 IST" skipped="0">
  <testcase classname="scripts.RegistrationPage_CreateValid_UserAccount" name="CreateValidUserAccount_RegistrationPage" time="60.784"/>
  <system-out>
    <![CDATA[User "reply51vencatraz@gmail.com" successfully created.Password link has been sent to your Email.]]>
  </system-out>
</testsuite> <!-- scripts.RegistrationPage_CreateValid_UserAccount -->
