<?xml version="1.0" encoding="UTF-8"?>
<!-- Generated by org.testng.reporters.JUnitReportReporter -->
<testsuite hostname="DESKTOP-APT1UPT" failures="0" tests="1" name="scripts.BookTickets_ValidDestination_UptoPaymentsPage" time="38.633" errors="0" timestamp="2022-04-12T11:54:16 IST" skipped="0">
  <testcase classname="scripts.BookTickets_ValidDestination_UptoPaymentsPage" name="test_BookTickets_ValidDestination_UptoPaymentsPage" time="38.633"/>
  <system-out/>
</testsuite> <!-- scripts.BookTickets_ValidDestination_UptoPaymentsPage -->
