<?xml version="1.0" encoding="UTF-8"?>
<!-- Generated by org.testng.reporters.JUnitReportReporter -->
<testsuite hostname="DESKTOP-APT1UPT" failures="0" tests="1" name="scripts.LoginPage_Login_ValidUser" time="21.662" errors="0" timestamp="2022-04-18T15:16:51 IST" skipped="0">
  <testcase classname="scripts.LoginPage_Login_ValidUser" name="test_LoginPage_Login_ValidUser" time="21.662"/>
  <system-out>
    <![CDATA[KSRTC Official Website for Online Bus Ticket Booking - KSRTC.in]]>
  </system-out>
</testsuite> <!-- scripts.LoginPage_Login_ValidUser -->
