<?xml version="1.0" encoding="UTF-8"?>
<!-- Generated by org.testng.reporters.JUnitReportReporter -->
<testsuite hostname="DESKTOP-APT1UPT" failures="0" tests="1" name="scripts.LoginPage_Login_InvalidUsers" time="38.698" errors="0" timestamp="2022-04-18T15:18:00 IST" skipped="0">
  <testcase classname="scripts.LoginPage_Login_InvalidUsers" name="test_LoginPage_Login_InvalidUsers" time="38.698"/>
  <system-out/>
</testsuite> <!-- scripts.LoginPage_Login_InvalidUsers -->
