<?xml version="1.0" encoding="UTF-8"?>
<!-- Generated by org.testng.reporters.JUnitReportReporter -->
<testsuite hostname="DESKTOP-APT1UPT" failures="0" tests="1" name="scripts.RegistrationPage_CreateUser_InvalidAccount" time="64.573" errors="0" timestamp="2022-04-12T11:33:29 IST" skipped="0">
  <testcase classname="scripts.RegistrationPage_CreateUser_InvalidAccount" name="CreateInValidUserAccount_RegistrationPage" time="64.573"/>
  <system-out/>
</testsuite> <!-- scripts.RegistrationPage_CreateUser_InvalidAccount -->
