<?xml version="1.0" encoding="UTF-8"?>
<!-- Generated by org.testng.reporters.JUnitReportReporter -->
<testsuite hostname="DESKTOP-APT1UPT" failures="0" tests="1" name="scripts.RegistrationPage_CreateUser_InvalidAccount" time="12.723" errors="0" timestamp="2022-04-18T15:16:13 IST" skipped="0">
  <testcase classname="scripts.RegistrationPage_CreateUser_InvalidAccount" name="CreateInValidUserAccount_RegistrationPage" time="12.723"/>
  <system-out/>
</testsuite> <!-- scripts.RegistrationPage_CreateUser_InvalidAccount -->
