<?xml version="1.0" encoding="UTF-8"?>
<!-- Generated by org.testng.reporters.JUnitReportReporter -->
<testsuite hostname="DESKTOP-APT1UPT" failures="0" tests="1" name="scripts.BookTickets_ValidDestination_UptoPaymentsPage" time="35.429" errors="0" timestamp="2022-04-18T14:34:13 IST" skipped="0">
  <testcase classname="scripts.BookTickets_ValidDestination_UptoPaymentsPage" name="test_BookTickets_ValidDestination_UptoPaymentsPage" time="35.429"/>
  <system-out/>
</testsuite> <!-- scripts.BookTickets_ValidDestination_UptoPaymentsPage -->
