<?xml version="1.0" encoding="UTF-8"?>
<!-- Generated by org.testng.reporters.JUnitReportReporter -->
<testsuite hostname="DESKTOP-APT1UPT" failures="0" tests="1" name="scripts.LoginPage_Login_InvalidUsers" time="32.594" errors="0" timestamp="2022-04-12T11:40:26 IST" skipped="0">
  <testcase classname="scripts.LoginPage_Login_InvalidUsers" name="test_LoginPage_Login_InvalidUsers" time="32.594"/>
  <system-out/>
</testsuite> <!-- scripts.LoginPage_Login_InvalidUsers -->
